app/build/outputs/mapping/release/seeds.txt
com.ljs.locationtracker.R$id
com.ljs.locationtracker.ltmService
com.ljs.locationtracker.R$xml
com.ljs.locationtracker.R$string
com.ljs.locationtracker.R$attr
com.ljs.locationtracker.ltmService$4
com.ljs.locationtracker.R$animator
com.ljs.locationtracker.R$integer
com.ljs.locationtracker.ltmService$3
com.ljs.locationtracker.R$drawable
com.ljs.locationtracker.LocationTrackerApplication
com.ljs.locationtracker.R$plurals
com.ljs.locationtracker.BootBroadcastReceiver
com.ljs.locationtracker.LocationForcegroundService
com.ljs.locationtracker.R$layout
com.ljs.locationtracker.R$styleable
com.ljs.locationtracker.R$interpolator
com.ljs.locationtracker.R$dimen
com.ljs.locationtracker.R$anim
com.ljs.locationtracker.MainActivity$3
com.ljs.locationtracker.MainActivity
com.ljs.locationtracker.ConfigSyncService
com.ljs.locationtracker.CheckPermissionsActivity
com.ljs.locationtracker.R$bool
com.ljs.locationtracker.R$color
com.ljs.locationtracker.R$mipmap
com.ljs.locationtracker.R$style
com.ljs.locationtracker.R$styleable: int BottomSheetBehavior_Layout_behavior_saveFlags
com.ljs.locationtracker.R$styleable: int ConstraintLayout_Layout_layout_constraintWidth_percent
com.ljs.locationtracker.R$styleable: int AppCompatTheme_actionModeTheme
com.ljs.locationtracker.R$styleable: int FontFamily_fontProviderAuthority
com.ljs.locationtracker.R$styleable: int MenuItem_android_menuCategory
com.ljs.locationtracker.R$styleable: int[] StateListDrawableItem
com.ljs.locationtracker.R$color: int dim_foreground_material_light
com.ljs.locationtracker.R$styleable: int[] Badge
com.ljs.locationtracker.R$styleable: int AppCompatTheme_actionModeCutDrawable
com.ljs.locationtracker.R$style: int TextAppearance_MaterialComponents_Headline4
com.ljs.locationtracker.R$styleable: int Constraint_layout_constraintWidth_percent
com.ljs.locationtracker.R$anim: int design_snackbar_out
com.ljs.locationtracker.R$styleable: int CollapsingToolbarLayout_forceApplySystemWindowInsetTop
com.ljs.locationtracker.R$style: int Theme_Design_NoActionBar
com.ljs.locationtracker.R$style: int Theme_AppCompat_Light_NoActionBar
com.ljs.locationtracker.R$styleable: int ConstraintLayout_Layout_layout_constraintLeft_toLeftOf
com.ljs.locationtracker.R$id: int south
com.ljs.locationtracker.R$styleable: int NavigationView_itemHorizontalPadding
com.ljs.locationtracker.R$anim: int btn_radio_to_off_mtrl_ring_outer_path_animation
com.ljs.locationtracker.R$style: int TextAppearance_MaterialComponents_Button
com.ljs.locationtracker.R$styleable: int AppCompatTheme_alertDialogButtonGroupStyle
com.ljs.locationtracker.R$styleable: int MotionLayout_motionProgress
com.ljs.locationtracker.R$dimen: int material_time_picker_minimum_screen_width
com.ljs.locationtracker.R$style: int Base_TextAppearance_AppCompat_Subhead_Inverse
com.ljs.locationtracker.R$styleable: int ListPopupWindow_android_dropDownHorizontalOffset
com.ljs.locationtracker.R$styleable: int AppCompatTheme_actionBarTabBarStyle
com.ljs.locationtracker.R$attr: int textureEffect
com.ljs.locationtracker.R$styleable: int ConstraintOverride_android_layout_marginBottom
com.ljs.locationtracker.R$drawable: int abc_item_background_holo_light
com.ljs.locationtracker.R$layout: int mtrl_picker_actions
com.ljs.locationtracker.R$color: int material_on_surface_emphasis_high_type
com.ljs.locationtracker.R$styleable: int AppCompatTheme_ratingBarStyleIndicator
com.ljs.locationtracker.R$styleable: int KeyTrigger_viewTransitionOnCross
com.ljs.locationtracker.R$id: int staticPostLayout
com.ljs.locationtracker.R$styleable: int ConstraintLayout_Layout_android_layout_marginBottom
com.ljs.locationtracker.R$styleable: int MotionLabel_android_textColor
com.ljs.locationtracker.R$attr: int materialCalendarHeaderCancelButton
com.ljs.locationtracker.R$styleable: int Chip_chipStrokeWidth
com.ljs.locationtracker.R$attr: int tabIndicatorAnimationDuration
com.ljs.locationtracker.R$styleable: int Toolbar_titleTextAppearance
...
com.google.android.material.R$attr: int submitBackground
com.google.android.material.R$attr: int navigationIconTint
androidx.recyclerview.R$id: int accessibility_custom_action_8
androidx.constraintlayout.widget.R$styleable: int KeyTrigger_triggerReceiver
androidx.activity.R$attr: int fontVariationSettings
com.google.android.material.R$id: int tag_accessibility_clickable_spans
com.google.android.material.R$styleable: int AppBarLayout_Layout_layout_scrollFlags
com.google.android.material.R$anim: int design_bottom_sheet_slide_in
androidx.appcompat.R$style: int Base_Animation_AppCompat_DropDownUp
androidx.appcompat.R$attr: int actionModeShareDrawable
com.google.android.material.R$styleable: int Constraint_layout_constraintTag
androidx.core.R$id: int tag_window_insets_animation_callback
androidx.constraintlayout.widget.R$styleable: int AppCompatTextView_drawableStartCompat
com.google.android.material.R$dimen: int material_emphasis_medium
okhttp3.internal.platform.BouncyCastlePlatform: boolean isSupported
com.google.android.material.R$dimen: int compat_button_inset_horizontal_material
androidx.constraintlayout.widget.R$layout: int abc_tooltip
com.google.android.material.R$styleable: int[] ScrimInsetsFrameLayout
androidx.constraintlayout.widget.R$styleable: int FontFamilyFont_android_fontStyle
androidx.constraintlayout.widget.R$styleable: int MenuGroup_android_orderInCategory
com.google.android.material.R$style: int Base_Widget_AppCompat_Toolbar_Button_Navigation
com.google.android.material.R$styleable: int Constraint_layout_constraintBaseline_toBaselineOf
com.google.android.material.R$dimen: int abc_text_size_body_2_material
com.google.android.material.R$style: int Theme_MaterialComponents_Light_Dialog_FixedSize
com.google.android.material.R$style: int Widget_AppCompat_Spinner_DropDown
com.google.android.material.R$styleable: int CoordinatorLayout_Layout_layout_dodgeInsetEdges
com.google.android.material.R$style: int Base_TextAppearance_AppCompat_Medium
com.google.android.material.R$styleable: int ConstraintSet_flow_firstVerticalStyle
com.google.android.material.R$attr: int flow_verticalGap
com.google.android.material.R$attr: int dragScale
com.google.android.material.R$attr: int itemShapeInsetStart
androidx.constraintlayout.widget.R$style: int Base_TextAppearance_Widget_AppCompat_Toolbar_Subtitle
androidx.constraintlayout.widget.R$styleable: int Layout_layout_constraintStart_toStartOf
com.google.android.material.R$styleable: int ConstraintSet_android_layout_marginLeft
androidx.dynamicanimation.R$style: int TextAppearance_Compat_Notification_Time
androidx.constraintlayout.widget.R$styleable: int ConstraintOverride_android_rotation
androidx.constraintlayout.widget.R$styleable: int AppCompatTheme_actionModeStyle
com.google.android.material.R$styleable: int PopupWindow_android_popupBackground
androidx.appcompat.R$attr: int defaultQueryHint
androidx.vectordrawable.animated.R$id: int accessibility_custom_action_2
androidx.constraintlayout.widget.R$styleable: int Constraint_android_elevation
com.google.android.material.R$attr: int cardCornerRadius
com.google.android.material.R$styleable: int AppCompatTheme_actionBarWidgetTheme
com.google.android.material.R$color: int design_box_stroke_color
okhttp3.HttpUrl$Builder: java.lang.String encodedFragment
com.google.android.material.R$style: int Widget_AppCompat_TextView
androidx.appcompat.resources.R$styleable: int StateListDrawableItem_android_drawable
androidx.recyclerview.widget.LinearLayoutManager$SavedState: android.os.Parcelable$Creator CREATOR
com.google.android.material.R$style: int Platform_Widget_AppCompat_Spinner
androidx.constraintlayout.widget.R$attr: int closeIcon
androidx.loader.R$color: int ripple_material_light
androidx.appcompat.R$attr: int colorControlHighlight
androidx.fragment.R$drawable: int notification_bg_low_normal
com.google.android.material.R$styleable: int ActionMode_closeItemLayout
com.google.android.material.R$attr: int fontStyle