app/build/outputs/mapping/release/mapping.txt
# compiler: R8
# compiler_version: 2.2.71
# min_api: 14
# pg_map_id: 0488b68
# common_typos_disable
com.ljs.locationtracker.-$$Lambda$ConfigSyncService$3Oi7HCaZxgBeHhI1B9bnWiPrzWw -> c.c.a.a:
# {"id":"sourceFile","fileName":"lambda"}
    com.ljs.locationtracker.ConfigSyncService f$0 -> b
com.ljs.locationtracker.-$$Lambda$PermissionGuideDialog$3WMSkoL18pBQnDs9zqx8p5tYtsM -> c.c.a.b:
# {"id":"sourceFile","fileName":"lambda"}
    com.ljs.locationtracker.DeviceOptimizationHelper$DeviceBrand f$1 -> c
    android.content.Context f$0 -> b
    1:1:void com.ljs.locationtracker.PermissionGuideDialog.lambda$showDeviceOptimizationDialog$3(android.content.Context,com.ljs.locationtracker.DeviceOptimizationHelper$DeviceBrand,android.content.DialogInterface,int):0:0 -> onClick
    1:1:void onClick(android.content.DialogInterface,int):0 -> onClick
    2:2:void com.ljs.locationtracker.PermissionGuideDialog.openDeviceSettings(android.content.Context,java.lang.String):0:0 -> onClick
    2:2:void com.ljs.locationtracker.PermissionGuideDialog.lambda$showDeviceOptimizationDialog$3(android.content.Context,com.ljs.locationtracker.DeviceOptimizationHelper$DeviceBrand,android.content.DialogInterface,int):0 -> onClick
    2:2:void onClick(android.content.DialogInterface,int):0 -> onClick
    3:3:void com.ljs.locationtracker.PermissionGuideDialog.openVivoSettings(android.content.Context):0:0 -> onClick
    3:3:void com.ljs.locationtracker.PermissionGuideDialog.openDeviceSettings(android.content.Context,java.lang.String):0 -> onClick
    3:3:void com.ljs.locationtracker.PermissionGuideDialog.lambda$showDeviceOptimizationDialog$3(android.content.Context,com.ljs.locationtracker.DeviceOptimizationHelper$DeviceBrand,android.content.DialogInterface,int):0 -> onClick
com.ljs.locationtracker.-$$Lambda$PermissionGuideDialog$89JbI7hkWbFDEWqj5fsubcMqkWo -> c.c.a.c:
# {"id":"sourceFile","fileName":"lambda"}
    android.content.Context f$0 -> b
    1:1:void com.ljs.locationtracker.PermissionGuideDialog.lambda$showPermissionDeniedDialog$1(android.content.Context,android.content.DialogInterface,int):0:0 -> onClick
    1:1:void onClick(android.content.DialogInterface,int):0 -> onClick
com.ljs.locationtracker.-$$Lambda$PermissionGuideDialog$GUQw_sro3iovjWc0mFEyT5LMdeI -> c.c.a.d:
# {"id":"sourceFile","fileName":"lambda"}
    com.ljs.locationtracker.-$$Lambda$PermissionGuideDialog$GUQw_sro3iovjWc0mFEyT5LMdeI INSTANCE -> b
    1:1:void com.ljs.locationtracker.PermissionGuideDialog.lambda$showDeviceOptimizationDialog$5(android.content.DialogInterface,int):0:0 -> onClick
    1:1:void onClick(android.content.DialogInterface,int):0 -> onClick
com.ljs.locationtracker.-$$Lambda$PermissionGuideDialog$c1MluQguNp0mI4WdJxfB8yB8mos -> c.c.a.e:
# {"id":"sourceFile","fileName":"lambda"}
    com.ljs.locationtracker.-$$Lambda$PermissionGuideDialog$c1MluQguNp0mI4WdJxfB8yB8mos INSTANCE -> b
    1:1:void com.ljs.locationtracker.PermissionGuideDialog.lambda$showPermissionDeniedDialog$2(android.content.DialogInterface,int):0:0 -> onClick
    1:1:void onClick(android.content.DialogInterface,int):0 -> onClick
com.ljs.locationtracker.-$$Lambda$PermissionGuideDialog$fg90B4J10IX_KYaMo_-ij29kulY -> c.c.a.f:
# {"id":"sourceFile","fileName":"lambda"}
    com.ljs.locationtracker.-$$Lambda$PermissionGuideDialog$fg90B4J10IX_KYaMo_-ij29kulY INSTANCE -> b
    1:1:void com.ljs.locationtracker.PermissionGuideDialog.lambda$showDeviceOptimizationDialog$4(android.content.DialogInterface,int):0:0 -> onClick
    1:1:void onClick(android.content.DialogInterface,int):0 -> onClick
com.ljs.locationtracker.-$$Lambda$PermissionGuideDialog$ybOjPpIrT7sBas2GrvHyMgiybso -> c.c.a.g:
# {"id":"sourceFile","fileName":"lambda"}
    com.ljs.locationtracker.-$$Lambda$PermissionGuideDialog$ybOjPpIrT7sBas2GrvHyMgiybso INSTANCE -> b
    1:1:void com.ljs.locationtracker.PermissionGuideDialog.lambda$showPermissionRequestDialog$0(android.content.DialogInterface,int):0:0 -> onClick
    1:1:void onClick(android.content.DialogInterface,int):0 -> onClick
...
androidx.core.widget.AutoScrollHelper -> b.h.j.a:
    float[] mMaximumVelocity -> m
    boolean mAlreadyDelayed -> n
    float[] mRelativeVelocity -> k
    boolean mNeedsReset -> o
    float[] mMinimumVelocity -> l
    boolean mNeedsCancel -> p
    int mActivationDelay -> j
    float[] mRelativeEdges -> g
    float[] mMaximumEdges -> h
    int mEdgeType -> i
    android.view.animation.Interpolator mEdgeInterpolator -> d
    int DEFAULT_ACTIVATION_DELAY -> b
    boolean mAnimating -> q
    boolean mEnabled -> r
    androidx.core.widget.AutoScrollHelper$ClampedScroller mScroller -> c
    java.lang.Runnable mRunnable -> f
    android.view.View mTarget -> e
    1:1:androidx.core.widget.AutoScrollHelper setMaximumVelocity(float,float):0:0 -> <init>
    1:1:void <init>(android.view.View):0 -> <init>
    2:2:androidx.core.widget.AutoScrollHelper setMinimumVelocity(float,float):0:0 -> <init>
    2:2:void <init>(android.view.View):0 -> <init>
    3:3:androidx.core.widget.AutoScrollHelper setEdgeType(int):0:0 -> <init>
    3:3:void <init>(android.view.View):0 -> <init>
    4:4:androidx.core.widget.AutoScrollHelper setMaximumEdges(float,float):0:0 -> <init>
    4:4:void <init>(android.view.View):0 -> <init>
    5:5:androidx.core.widget.AutoScrollHelper setRelativeEdges(float,float):0:0 -> <init>
    5:5:void <init>(android.view.View):0 -> <init>
    6:6:androidx.core.widget.AutoScrollHelper setRelativeVelocity(float,float):0:0 -> <init>
androidx.core.widget.AutoScrollHelper$ClampedScroller -> b.h.j.a$a:
    long mStopTime -> i
    float mStopValue -> j
    long mDeltaTime -> f
    long mStartTime -> e
    int mEffectiveRampDown -> k
    int mDeltaY -> h
    float mTargetVelocityY -> d
    float mTargetVelocityX -> c
    int mDeltaX -> g
    int mRampDownDuration -> b
    int mRampUpDuration -> a
    float getValueAt(long) -> a
androidx.core.widget.AutoScrollHelper$ScrollAnimationRunnable -> b.h.j.a$b:
    androidx.core.widget.AutoScrollHelper this$0 -> b
    1:1:void androidx.core.widget.AutoScrollHelper$ClampedScroller.start():0:0 -> run
    1:1:void run():0 -> run
    2:2:void run():0:0 -> run
    3:3:boolean androidx.core.widget.AutoScrollHelper$ClampedScroller.isFinished():0:0 -> run
    3:3:void run():0 -> run
    4:4:void run():0:0 -> run
    5:5:void androidx.core.widget.AutoScrollHelper.cancelTargetTouch():0:0 -> run
    5:5:void run():0 -> run
    6:6:void androidx.core.widget.AutoScrollHelper$ClampedScroller.computeScrollDelta():0:0 -> run
    6:6:void run():0 -> run
    7:7:void run():0:0 -> run
    8:8:void androidx.core.widget.ListViewAutoScrollHelper.scrollTargetBy(int,int):0:0 -> run
    8:8:void run():0 -> run
    9:9:void androidx.core.widget.ListViewCompat.scrollListBy(android.widget.ListView,int):0:0 -> run
    9:9:void androidx.core.widget.ListViewAutoScrollHelper.scrollTargetBy(int,int):0 -> run
    9:9:void run():0 -> run
    10:10:void run():0:0 -> run
    11:11:void androidx.core.widget.AutoScrollHelper$ClampedScroller.computeScrollDelta():0:0 -> run
    11:11:void run():0 -> run
    12:12:void run():0:0 -> run
androidx.core.widget.AutoSizeableTextView -> b.h.j.b:
    boolean PLATFORM_SUPPORTS_AUTOSIZE -> a
androidx.core.widget.ListViewAutoScrollHelper -> b.h.j.c:
    android.widget.ListView mTarget -> s