app/build/outputs/mapping/release/usage.txt
com.ljs.locationtracker.BuildConfig
com.ljs.locationtracker.Contant
com.ljs.locationtracker.DeviceOptimizationHelper:
    private static final java.lang.String TAG
    public void <init>()
com.ljs.locationtracker.FlowLayout
com.ljs.locationtracker.HonorKeepAliveHelper
com.ljs.locationtracker.LogAdapter:
    public void clearLogs()
com.ljs.locationtracker.PermissionGuideDialog:
    private static final java.lang.String TAG
    public void <init>()
com.ljs.locationtracker.R
com.ljs.locationtracker.Utils:
    private static final java.lang.String NOTIFICATION_CHANNEL_NAME
    public static final int NOTIFY_ID
    public void <init>()
    public static java.lang.String getAppName(android.content.Context)
com.ljs.locationtracker.ConfigSyncService$1:
    public final synthetic com.ljs.locationtracker.ConfigSyncService this$0
com.ljs.locationtracker.ConfigSyncService:
    private synthetic void lambda$startConfigSync$0()
com.ljs.locationtracker.DeviceOptimizationHelper$1
com.ljs.locationtracker.DeviceOptimizationHelper$DeviceBrand
com.ljs.locationtracker.DeviceOptimizationHelper
com.ljs.locationtracker.LocationForcegroundService$LocalBinder:
    public com.ljs.locationtracker.LocationForcegroundService getService()
com.ljs.locationtracker.LocationTrackerApplication$4:
    public final synthetic com.ljs.locationtracker.LocationTrackerApplication this$0
    public int compare(java.io.File,java.io.File)
com.ljs.locationtracker.LocationTrackerApplication$5:
    public int compare(java.io.File,java.io.File)
com.ljs.locationtracker.LogAdapter$1$1:
    public final synthetic com.ljs.locationtracker.LogAdapter$1 this$1
com.ljs.locationtracker.LogAdapter$1:
    public final synthetic com.ljs.locationtracker.LogAdapter this$0
com.ljs.locationtracker.LogAdapter:
    public int getLogCount()
    public void onBindViewHolder(com.ljs.locationtracker.LogAdapter$LogViewHolder,int)
    public com.ljs.locationtracker.LogAdapter$LogViewHolder onCreateViewHolder(android.view.ViewGroup)
com.ljs.locationtracker.MainActivity$2:
    public final synthetic com.ljs.locationtracker.MainActivity this$0
com.ljs.locationtracker.PermissionGuideDialog:
    public static void lambda$showDeviceOptimizationDialog$3(android.content.Context,int,android.content.DialogInterface,int)
    public static synthetic void lambda$showDeviceOptimizationDialog$4(android.content.DialogInterface,int)
    public static synthetic void lambda$showDeviceOptimizationDialog$5(android.content.DialogInterface,int)
    public static synthetic void lambda$showPermissionDeniedDialog$1(android.content.Context,android.content.DialogInterface,int)
    public static synthetic void lambda$showPermissionDeniedDialog$2(android.content.DialogInterface,int)
    public static synthetic void lambda$showPermissionRequestDialog$0(android.content.DialogInterface,int)
    public static void openDeviceSettings(android.content.Context,java.lang.String)
    public static void openHonorSettings(android.content.Context)
    public static void openOppoSettings(android.content.Context)
    public static void openVivoSettings(android.content.Context)
    public static void openXiaomiSettings(android.content.Context)
    public static void showPermissionDeniedDialog(android.content.Context)
    public static void showPermissionRequestDialog(android.content.Context)
com.ljs.locationtracker.Utils:
    public static void <clinit>()
com.ljs.locationtracker.ltmService:
    public static void <clinit>()
...
androidx.core.view.WindowInsetsControllerCompat$Impl30$1
androidx.core.view.WindowInsetsControllerCompat$Impl30$2
androidx.core.view.WindowInsetsControllerCompat$Impl30
androidx.core.view.WindowInsetsControllerCompat$Impl
androidx.core.view.WindowInsetsControllerCompat$OnControllableInsetsChangedListener
androidx.core.view.WindowInsetsControllerCompat
androidx.core.view.accessibility.AccessibilityClickableSpanCompat:
    public static final java.lang.String SPAN_ID
androidx.core.view.accessibility.AccessibilityEventCompat$ContentChangeType
androidx.core.view.accessibility.AccessibilityEventCompat:
    public static final int CONTENT_CHANGE_TYPE_CONTENT_DESCRIPTION
    public static final int CONTENT_CHANGE_TYPE_PANE_APPEARED
    public static final int CONTENT_CHANGE_TYPE_PANE_DISAPPEARED
    public static final int CONTENT_CHANGE_TYPE_PANE_TITLE
    public static final int CONTENT_CHANGE_TYPE_STATE_DESCRIPTION
    public static final int CONTENT_CHANGE_TYPE_SUBTREE
    public static final int CONTENT_CHANGE_TYPE_TEXT
    public static final int CONTENT_CHANGE_TYPE_UNDEFINED
    public static final int TYPES_ALL_MASK
    public static final int TYPE_ANNOUNCEMENT
    public static final int TYPE_ASSIST_READING_CONTEXT
    public static final int TYPE_GESTURE_DETECTION_END
    public static final int TYPE_GESTURE_DETECTION_START
    public static final int TYPE_TOUCH_EXPLORATION_GESTURE_END
    public static final int TYPE_TOUCH_EXPLORATION_GESTURE_START
    public static final int TYPE_TOUCH_INTERACTION_END
    public static final int TYPE_TOUCH_INTERACTION_START
    public static final int TYPE_VIEW_ACCESSIBILITY_FOCUSED
    public static final int TYPE_VIEW_ACCESSIBILITY_FOCUS_CLEARED
    public static final int TYPE_VIEW_CONTEXT_CLICKED
    public static final int TYPE_VIEW_HOVER_ENTER
    public static final int TYPE_VIEW_HOVER_EXIT
    public static final int TYPE_VIEW_SCROLLED
    public static final int TYPE_VIEW_TEXT_SELECTION_CHANGED
androidx.core.view.accessibility.AccessibilityManagerCompat$AccessibilityStateChangeListener
androidx.core.view.accessibility.AccessibilityManagerCompat$AccessibilityStateChangeListenerCompat
androidx.core.view.accessibility.AccessibilityManagerCompat$AccessibilityStateChangeListenerWrapper
androidx.core.view.accessibility.AccessibilityManagerCompat$TouchExplorationStateChangeListener
androidx.core.view.accessibility.AccessibilityManagerCompat$TouchExplorationStateChangeListenerWrapper
androidx.core.view.accessibility.AccessibilityManagerCompat
androidx.core.view.accessibility.AccessibilityNodeInfoCompat$AccessibilityActionCompat:
    private static final java.lang.String TAG
androidx.core.view.accessibility.AccessibilityNodeInfoCompat$CollectionInfoCompat:
    public static final int SELECTION_MODE_MULTIPLE
    public static final int SELECTION_MODE_NONE
    public static final int SELECTION_MODE_SINGLE
    public int getColumnCount()
    public int getRowCount()
    public int getSelectionMode()
    public boolean isHierarchical()
    public static androidx.core.view.accessibility.AccessibilityNodeInfoCompat$CollectionInfoCompat obtain(int,int,boolean)
androidx.core.view.accessibility.AccessibilityNodeInfoCompat$CollectionItemInfoCompat:
    public int getColumnIndex()
    public int getColumnSpan()
    public int getRowIndex()
    public int getRowSpan()
    public boolean isHeading()
    public boolean isSelected()
    public static androidx.core.view.accessibility.AccessibilityNodeInfoCompat$CollectionItemInfoCompat obtain(int,int,int,int,boolean)
androidx.core.view.accessibility.AccessibilityNodeInfoCompat$RangeInfoCompat
androidx.core.view.accessibility.AccessibilityNodeInfoCompat$TouchDelegateInfoCompat